<?xml version="1.0" encoding="UTF-8"?>
<testng-results skipped="0" failed="0" total="1" passed="1">
  <reporter-output>
  </reporter-output>
  <suite name="Default suite" duration-ms="5332" started-at="2016-08-01T09:41:02Z" finished-at="2016-08-01T09:41:08Z">
    <groups>
    </groups>
    <test name="Default test" duration-ms="5332" started-at="2016-08-01T09:41:02Z" finished-at="2016-08-01T09:41:08Z">
      <class name="com.dataedge.ConfirmationPopUp">
        <test-method status="PASS" signature="ExampleForConfirmBox()[pri:0, instance:com.dataedge.ConfirmationPopUp@1e684bd]" name="ExampleForConfirmBox" duration-ms="5236" started-at="2016-08-01T15:11:02Z" finished-at="2016-08-01T15:11:07Z">
          <reporter-output>
          </reporter-output>
        </test-method> <!-- ExampleForConfirmBox -->
      </class> <!-- com.dataedge.ConfirmationPopUp -->
    </test> <!-- Default test -->
  </suite> <!-- Default suite -->
</testng-results>
